GROUP,PACKAGE,CLASS,INSTRUCTION_MISSED,INSTRUCTION_COVERED,BRANCH_MISSED,BRANCH_COVERED,LINE_MISSED,LINE_COVERED,COMPLEXITY_MISSED,COMPLEXITY_COVERED,METHOD_MISSED,METHOD_COVERED
BankingApplication,com.revature.bankservices,JdbcServices,97,0,2,0,26,0,15,0,14,0
BankingApplication,com.revature.JdbcBank,ConnectionUtil,24,49,1,1,8,16,2,2,1,2
BankingApplication,com.revature.JdbcBank,Account,126,0,12,0,36,0,17,0,11,0
BankingApplication,com.revature.JdbcBank,UserApplication,732,0,46,0,139,0,28,0,3,0
BankingApplication,com.revature.JdbcBank,Transaction,225,0,28,0,59,0,29,0,15,0
BankingApplication,com.revature.JdbcBank,UserOracle,751,62,55,5,213,18,40,4,11,3
BankingApplication,com.revature.JdbcBank,User,226,18,40,0,57,7,34,1,14,1
